<?xml version="1.0" encoding="UTF-8"?>
<!-- Generated by org.testng.reporters.JUnitReportReporter -->
<testsuite hostname="Pavilion" failures="0" tests="5" name="com.Cart.Test.CartTest" time="133.823" errors="0" timestamp="24 Jun 2021 10:51:06 GMT" skipped="0">
  <testcase classname="com.Cart.Test.CartTest" name="getLinksofItems" time="24.277"/>
  <testcase classname="com.Cart.Test.CartTest" name="NavigateToCartSc" time="22.929"/>
  <testcase classname="com.Cart.Test.CartTest" name="getMyCartListItems" time="29.273"/>
  <testcase classname="com.Cart.Test.CartTest" name="ValidatinTitle" time="24.989"/>
  <testcase classname="com.Cart.Test.CartTest" name="PlaceOrderNavigation" time="32.355"/>
</testsuite> <!-- com.Cart.Test.CartTest -->
