<?xml version="1.0" encoding="UTF-8"?>
<!-- Generated by org.testng.reporters.JUnitReportReporter -->
<testsuite hostname="Pavilion" failures="0" tests="2" name="com.Careers.Test.CareersTest" time="58.435" errors="0" timestamp="23 Jun 2021 11:49:42 GMT" skipped="0">
  <testcase classname="com.Careers.Test.CareersTest" name="NavigateCareers" time="24.819"/>
  <testcase classname="com.Careers.Test.CareersTest" name="validateCareersTitle" time="33.616"/>
</testsuite> <!-- com.Careers.Test.CareersTest -->
