<?xml version="1.0" encoding="UTF-8"?>
<!-- Generated by org.testng.reporters.JUnitReportReporter -->
<testsuite hostname="Pavilion" failures="0" tests="2" name="com.Login.Test.LoginPageTest" time="38.542" errors="0" timestamp="23 Jun 2021 08:03:41 GMT" skipped="0">
  <testcase classname="com.Login.Test.LoginPageTest" name="loginTitleValidateMethod" time="14.989"/>
  <testcase classname="com.Login.Test.LoginPageTest" name="loginTest" time="23.553"/>
</testsuite> <!-- com.Login.Test.LoginPageTest -->
